{
  "stats": {
    "suites": 1,
    "tests": 2,
    "passes": 2,
    "pending": 0,
    "failures": 0,
    "start": "2022-05-05T14:50:21.141Z",
    "end": "2022-05-05T14:50:49.410Z",
    "duration": 28269,
    "testsRegistered": 2,
    "passPercent": 100,
    "pendingPercent": 0,
    "other": 0,
    "hasOther": false,
    "skipped": 0,
    "hasSkipped": false
  },
  "results": [
    {
      "uuid": "e8cfd33e-c89c-40e5-b015-c2c886718a14",
      "title": "",
      "fullFile": "cypress/integration/verif.feature",
      "file": "cypress/integration/verif.feature",
      "beforeHooks": [],
      "afterHooks": [],
      "tests": [],
      "suites": [
        {
          "uuid": "041a4662-f1ce-4d53-896e-6d88e6a62de9",
          "title": "check mail",
          "fullFile": "",
          "file": "",
          "beforeHooks": [],
          "afterHooks": [],
          "tests": [
            {
              "title": "mail verification",
              "fullTitle": "check mail mail verification",
              "timedOut": null,
              "duration": 3494,
              "state": "passed",
              "speed": "fast",
              "pass": true,
              "fail": false,
              "pending": false,
              "context": null,
              "code": "const state = window.testState;\nreturn cy\n  .then(() => state.onStartScenario(scenario, indexedSteps))\n  .then(() =>\n    resolveAndRunBeforeHooks.call(this, scenario.tags, state.feature.name)\n  )\n  .then(() =>\n    indexedSteps.forEach((step) =>\n      stepTest.call(this, state, step, rowData)\n    )\n  )\n  .then(() => state.onFinishScenario(scenario));",
              "err": {},
              "uuid": "174f143a-36f4-4539-8a9d-4b6b6c2ee89c",
              "parentUUID": "041a4662-f1ce-4d53-896e-6d88e6a62de9",
              "isHook": false,
              "skipped": false
            },
            {
              "title": "signature",
              "fullTitle": "check mail signature",
              "timedOut": null,
              "duration": 12365,
              "state": "passed",
              "speed": "slow",
              "pass": true,
              "fail": false,
              "pending": false,
              "context": null,
              "code": "const state = window.testState;\nreturn cy\n  .then(() => state.onStartScenario(scenario, indexedSteps))\n  .then(() =>\n    resolveAndRunBeforeHooks.call(this, scenario.tags, state.feature.name)\n  )\n  .then(() =>\n    indexedSteps.forEach((step) =>\n      stepTest.call(this, state, step, rowData)\n    )\n  )\n  .then(() => state.onFinishScenario(scenario));",
              "err": {},
              "uuid": "6bdd5ad2-13dd-405b-9f0f-d4de9d4c60fa",
              "parentUUID": "041a4662-f1ce-4d53-896e-6d88e6a62de9",
              "isHook": false,
              "skipped": false
            }
          ],
          "suites": [],
          "passes": [
            "174f143a-36f4-4539-8a9d-4b6b6c2ee89c",
            "6bdd5ad2-13dd-405b-9f0f-d4de9d4c60fa"
          ],
          "failures": [],
          "pending": [],
          "skipped": [],
          "duration": 15859,
          "root": false,
          "rootEmpty": false,
          "_timeout": 2000
        }
      ],
      "passes": [],
      "failures": [],
      "pending": [],
      "skipped": [],
      "duration": 0,
      "root": true,
      "rootEmpty": true,
      "_timeout": 2000
    }
  ],
  "meta": {
    "mocha": {
      "version": "7.0.1"
    },
    "mochawesome": {
      "options": {
        "quiet": false,
        "reportFilename": "mochawesome",
        "saveHtml": false,
        "saveJson": true,
        "consoleReporter": "spec",
        "useInlineDiffs": false,
        "code": true
      },
      "version": "7.1.3"
    },
    "marge": {
      "options": {
        "reportDir": "cypress/reports",
        "overwrite": false,
        "html": false,
        "json": true
      },
      "version": "6.2.0"
    }
  }
}